20:06:16.085 [main] DEBUG org.apache.poi.openxml4j.opc.ZipPackage - Save content types part
20:06:16.094 [main] DEBUG org.apache.poi.openxml4j.opc.ZipPackage - Save package relationships
20:06:16.096 [main] DEBUG org.apache.poi.openxml4j.opc.ZipPackage - Save part 'docProps/app.xml'
20:06:16.097 [main] DEBUG org.apache.poi.openxml4j.opc.ZipPackage - Save part 'docProps/core.xml'
20:06:16.099 [main] DEBUG org.apache.poi.openxml4j.opc.ZipPackage - Save part 'xl/sharedStrings.xml'
20:06:16.100 [main] DEBUG org.apache.poi.openxml4j.opc.ZipPackage - Save part 'xl/styles.xml'
20:06:16.100 [main] DEBUG org.apache.poi.openxml4j.opc.ZipPackage - Save part 'xl/theme/theme1.xml'
20:06:16.102 [main] DEBUG org.apache.poi.openxml4j.opc.ZipPackage - Save part 'xl/workbook.xml'
20:06:16.105 [main] DEBUG org.apache.poi.openxml4j.opc.ZipPackage - Save part 'xl/worksheets/sheet1.xml'
20:06:16.109 [main] DEBUG org.apache.poi.openxml4j.opc.ZipPackage - Save part 'xl/worksheets/sheet2.xml'
20:06:16.474 [main] DEBUG org.apache.poi.openxml4j.opc.PackageRelationshipCollection - Parsing relationship: /xl/_rels/workbook.xml.rels
20:06:16.475 [main] DEBUG org.apache.poi.openxml4j.opc.PackageRelationshipCollection - Parsing relationship: /xl/worksheets/_rels/sheet1.xml.rels
20:06:16.476 [main] DEBUG org.apache.poi.openxml4j.opc.PackageRelationshipCollection - Parsing relationship: /_rels/.rels
20:06:16.514 [main] DEBUG org.apache.poi.openxml4j.opc.ZipPackage - Save content types part
20:06:16.517 [main] DEBUG org.apache.poi.openxml4j.opc.ZipPackage - Save package relationships
20:06:16.519 [main] DEBUG org.apache.poi.openxml4j.opc.ZipPackage - Save part 'docProps/app.xml'
20:06:16.520 [main] DEBUG org.apache.poi.openxml4j.opc.ZipPackage - Save part 'docProps/core.xml'
20:06:16.523 [main] DEBUG org.apache.poi.openxml4j.opc.ZipPackage - Save part 'xl/sharedStrings.xml'
20:06:16.524 [main] DEBUG org.apache.poi.openxml4j.opc.ZipPackage - Save part 'xl/styles.xml'
20:06:16.525 [main] DEBUG org.apache.poi.openxml4j.opc.ZipPackage - Save part 'xl/theme/theme1.xml'
20:06:16.525 [main] DEBUG org.apache.poi.openxml4j.opc.ZipPackage - Save part 'xl/workbook.xml'
20:06:16.528 [main] DEBUG org.apache.poi.openxml4j.opc.ZipPackage - Save part 'xl/worksheets/sheet1.xml'
20:06:16.530 [main] DEBUG org.apache.poi.openxml4j.opc.ZipPackage - Save part 'xl/worksheets/sheet2.xml'
20:06:16.607 [main] DEBUG org.apache.poi.openxml4j.opc.PackageRelationshipCollection - Parsing relationship: /xl/_rels/workbook.xml.rels
20:06:16.609 [main] DEBUG org.apache.poi.openxml4j.opc.PackageRelationshipCollection - Parsing relationship: /xl/worksheets/_rels/sheet1.xml.rels
20:06:16.609 [main] DEBUG org.apache.poi.openxml4j.opc.PackageRelationshipCollection - Parsing relationship: /_rels/.rels
20:06:16.646 [main] DEBUG org.apache.poi.openxml4j.opc.ZipPackage - Save content types part
20:06:16.649 [main] DEBUG org.apache.poi.openxml4j.opc.ZipPackage - Save package relationships
20:06:16.652 [main] DEBUG org.apache.poi.openxml4j.opc.ZipPackage - Save part 'docProps/app.xml'
20:06:16.652 [main] DEBUG org.apache.poi.openxml4j.opc.ZipPackage - Save part 'docProps/core.xml'
20:06:16.654 [main] DEBUG org.apache.poi.openxml4j.opc.ZipPackage - Save part 'xl/sharedStrings.xml'
20:06:16.655 [main] DEBUG org.apache.poi.openxml4j.opc.ZipPackage - Save part 'xl/styles.xml'
20:06:16.655 [main] DEBUG org.apache.poi.openxml4j.opc.ZipPackage - Save part 'xl/theme/theme1.xml'
20:06:16.656 [main] DEBUG org.apache.poi.openxml4j.opc.ZipPackage - Save part 'xl/workbook.xml'
20:06:16.659 [main] DEBUG org.apache.poi.openxml4j.opc.ZipPackage - Save part 'xl/worksheets/sheet1.xml'
20:06:16.661 [main] DEBUG org.apache.poi.openxml4j.opc.ZipPackage - Save part 'xl/worksheets/sheet2.xml'
20:06:16.718 [main] DEBUG org.apache.poi.openxml4j.opc.PackageRelationshipCollection - Parsing relationship: /xl/_rels/workbook.xml.rels
20:06:16.719 [main] DEBUG org.apache.poi.openxml4j.opc.PackageRelationshipCollection - Parsing relationship: /xl/worksheets/_rels/sheet1.xml.rels
20:06:16.720 [main] DEBUG org.apache.poi.openxml4j.opc.PackageRelationshipCollection - Parsing relationship: /_rels/.rels
20:06:16.759 [main] DEBUG org.apache.poi.openxml4j.opc.ZipPackage - Save content types part
20:06:16.762 [main] DEBUG org.apache.poi.openxml4j.opc.ZipPackage - Save package relationships
20:06:16.769 [main] DEBUG org.apache.poi.openxml4j.opc.ZipPackage - Save part 'docProps/app.xml'
20:06:16.769 [main] DEBUG org.apache.poi.openxml4j.opc.ZipPackage - Save part 'docProps/core.xml'
20:06:16.773 [main] DEBUG org.apache.poi.openxml4j.opc.ZipPackage - Save part 'xl/sharedStrings.xml'
20:06:16.774 [main] DEBUG org.apache.poi.openxml4j.opc.ZipPackage - Save part 'xl/styles.xml'
20:06:16.775 [main] DEBUG org.apache.poi.openxml4j.opc.ZipPackage - Save part 'xl/theme/theme1.xml'
20:06:16.776 [main] DEBUG org.apache.poi.openxml4j.opc.ZipPackage - Save part 'xl/workbook.xml'
20:06:16.778 [main] DEBUG org.apache.poi.openxml4j.opc.ZipPackage - Save part 'xl/worksheets/sheet1.xml'
